2022-01-04 13:23:17,292 [9] INFO GiroposWebService.Controllers.InquiryController - REQUEST INQUIRY PARAMETER | {"nomor_va":"10000004","kode_inst":"700","channel_id":"9001","waktu_proses":"2018-11-30 30:20:00"}
2022-01-04 13:26:21,623 [9] INFO GiroposWebService.Controllers.InquiryController - REQUEST INQUIRY PARAMETER | {"nomor_va":"10000004","kode_inst":"700","channel_id":"9001","waktu_proses":"2018-11-30 30:20:00"}
2022-01-04 13:27:12,613 [9] INFO GiroposWebService.Controllers.InquiryController - RESULT INQUIRY PARAMETER | {"respon_code":"00","respon_mess":"OK","nomor_va":"10000004","nominal":90000.0,"admin":10000.0,"kode_inst":null,"channel_id":null,"nama":null,"info":null,"rekgiro":null,"waktu_proses":null}
2022-01-04 14:10:53,374 [11] INFO GiroposWebService.Controllers.InquiryController - REQUEST INQUIRY PARAMETER | {"nomor_va":"001219121100032","kode_inst":"700","channel_id":"9001","waktu_proses":"2018-11-30 30:20:00"}
2022-01-04 14:11:09,854 [9] INFO GiroposWebService.Controllers.InquiryController - REQUEST INQUIRY PARAMETER | {"nomor_va":"001219121100032","kode_inst":"700","channel_id":"9001","waktu_proses":"2018-11-30 30:20:00"}
2022-01-04 14:12:25,827 [11] INFO GiroposWebService.Controllers.InquiryController - REQUEST INQUIRY PARAMETER | {"nomor_va":"001219121100032","kode_inst":"700","channel_id":"9001","waktu_proses":"2018-11-30 30:20:00"}
2022-01-04 14:12:29,696 [11] INFO GiroposWebService.Controllers.InquiryController - RESULT INQUIRY PARAMETER | {"respon_code":"00","respon_mess":"OK","nomor_va":"001219121100032","nominal":324115000.0,"admin":0.0,"kode_inst":null,"channel_id":null,"nama":"NANDA SUNGAI MELINTANG","info":"","rekgiro":"001219121100032","waktu_proses":"2022-01-04 14:12:29"}
2022-01-04 14:15:19,175 [16] INFO GiroposWebService.Controllers.InquiryController - REQUEST INQUIRY PARAMETER | {"nomor_va":"001219121100032","kode_inst":"700","channel_id":"9001","waktu_proses":"2018-11-30 30:20:00"}
2022-01-04 14:15:19,266 [16] INFO GiroposWebService.Controllers.InquiryController - RESULT INQUIRY PARAMETER | {"respon_code":"00","respon_mess":"OK","nomor_va":"001219121100032","nominal":324115000.0,"admin":0.0,"kode_inst":"700","channel_id":"9001","nama":"NANDA SUNGAI MELINTANG","info":"","rekgiro":"001219121100032","waktu_proses":"2022-01-04 14:15:19"}
2022-01-04 14:17:42,604 [11] INFO GiroposWebService.Controllers.InquiryController - REQUEST INQUIRY PARAMETER | {"nomor_va":"001219121100032","kode_inst":"700","channel_id":"9001","waktu_proses":"2018-11-30 30:20:00"}
2022-01-04 14:17:42,712 [11] INFO GiroposWebService.Controllers.InquiryController - RESULT INQUIRY PARAMETER | {"respon_code":"00","respon_mess":"OK","nomor_va":"001219121100032","nominal":324115000.0,"admin":0.0,"kode_inst":"700","channel_id":"9001","nama":"NANDA SUNGAI MELINTANG","info":"","rekgiro":"001219121100032","waktu_proses":"2022-01-04 14:17:42"}
2022-01-04 15:43:02,488 [5] INFO GiroposWebService.Controllers.InquiryController - REQUEST INQUIRY PARAMETER | null
2022-01-04 15:44:45,784 [9] INFO GiroposWebService.Controllers.InquiryController - REQUEST INQUIRY PARAMETER | {"nomor_va":"10000004","kode_inst":"700","channel_id":"9001","waktu_proses":"2018-11-30 30: 20: 00"}
2022-01-04 15:45:49,754 [10] INFO GiroposWebService.Controllers.InquiryController - REQUEST INQUIRY PARAMETER | {"nomor_va":"0100000018","kode_inst":"700","channel_id":"9001","waktu_proses":"2018-11-30 30: 20: 00"}
2022-01-04 15:46:01,876 [8] INFO GiroposWebService.Controllers.InquiryController - REQUEST INQUIRY PARAMETER | {"nomor_va":"0100000018","kode_inst":"700","channel_id":"9001","waktu_proses":"2018-11-30 30: 20: 00"}
2022-01-04 17:23:18,356 [7] INFO GiroposWebService.Controllers.InquiryController - REQUEST INQUIRY PARAMETER | {"nomor_va":"0100000018","kode_inst":"700","channel_id":"9001","waktu_proses":"2018-11-30 30: 20: 00"}
2022-01-04 17:25:12,074 [7] INFO GiroposWebService.Controllers.InquiryController - REQUEST INQUIRY PARAMETER | {"nomor_va":"0100000018","kode_inst":"700","channel_id":"9001","waktu_proses":"2018-11-30 30: 20: 00"}
2022-01-04 17:26:43,777 [6] INFO GiroposWebService.Controllers.InquiryController - REQUEST INQUIRY PARAMETER | {"nomor_va":"0100000018","kode_inst":"700","channel_id":"9001","waktu_proses":"2018-11-30 30: 20: 00"}
2022-01-04 17:28:40,931 [8] INFO GiroposWebService.Controllers.InquiryController - REQUEST INQUIRY PARAMETER | {"nomor_va":"0100000018","kode_inst":"700","channel_id":"9001","waktu_proses":"2018-11-30 30: 20: 00"}
2022-01-04 17:31:49,001 [8] INFO GiroposWebService.Controllers.InquiryController - REQUEST INQUIRY PARAMETER | {"nomor_va":"0100000018","kode_inst":"700","channel_id":"9001","waktu_proses":"2018-11-30 30: 20: 00"}
2022-01-04 17:33:05,548 [10] INFO GiroposWebService.Controllers.InquiryController - REQUEST INQUIRY PARAMETER | {"nomor_va":"0100000018","kode_inst":"700","channel_id":"9001","waktu_proses":"2018-11-30 30: 20: 00"}
2022-01-04 17:33:58,316 [10] INFO GiroposWebService.Controllers.InquiryController - RESULT INQUIRY PARAMETER | {"respon_code":"00","respon_mess":"OK","nomor_va":"0100000018","nominal":9000.0,"admin":0.0,"kode_inst":"700","channel_id":"9001","nama":"HAMID","info":"","rekgiro":"0100000018","waktu_proses":"2022-01-04 17:33:27"}
2022-01-04 17:40:03,324 [17] INFO GiroposWebService.Controllers.InquiryController - REQUEST INQUIRY PARAMETER | {"nomor_va":"0100000018","kode_inst":"700","channel_id":"9001","waktu_proses":"2018-11-30 30: 20: 00"}
2022-01-04 17:41:02,669 [17] INFO GiroposWebService.Controllers.InquiryController - RESULT INQUIRY PARAMETER | {"respon_code":"00","respon_mess":"OK","nomor_va":"0100000018","nominal":9000.0,"admin":0.0,"kode_inst":"700","channel_id":"9001","nama":"HAMID","info":"","rekgiro":"0100000018","waktu_proses":"2022-01-04 17:40:13"}
2022-01-04 17:49:36,783 [23] INFO GiroposWebService.Controllers.InquiryController - REQUEST INQUIRY PARAMETER | {"nomor_va":"000419300200045","kode_inst":"700","channel_id":"9001","waktu_proses":"2018-11-30 30: 20: 00"}
2022-01-04 17:50:21,191 [24] INFO GiroposWebService.Controllers.InquiryController - REQUEST INQUIRY PARAMETER | {"nomor_va":"1519120100010","kode_inst":"700","channel_id":"9001","waktu_proses":"2018-11-30 30: 20: 00"}
2022-01-04 17:52:04,727 [26] INFO GiroposWebService.Controllers.InquiryController - REQUEST INQUIRY PARAMETER | {"nomor_va":"316120100043","kode_inst":"700","channel_id":"9001","waktu_proses":"2018-11-30 30: 20: 00"}
2022-01-04 18:00:57,846 [34] INFO GiroposWebService.Controllers.InquiryController - REQUEST INQUIRY PARAMETER | {"nomor_va":"001719510200255","kode_inst":"700","channel_id":"9001","waktu_proses":"2018-11-30 30: 20: 00"}
2022-01-04 18:01:06,368 [34] INFO GiroposWebService.Controllers.InquiryController - RESULT INQUIRY PARAMETER | {"respon_code":"00","respon_mess":"OK","nomor_va":"001719510200255","nominal":1500059162.0,"admin":0.0,"kode_inst":"700","channel_id":"9001","nama":"MEDIA NUSANTARA INFORMASI","info":"","rekgiro":"001719510200255","waktu_proses":"2022-01-04 18:00:57"}
